<?xml version="1.0" encoding="UTF-8"?>
<testng-results ignored="0" total="1" passed="1" failed="0" skipped="0">
  <reporter-output>
  </reporter-output>
  <suite started-at="2023-11-06T12:23:15 IST" name="Chandini" finished-at="2023-11-06T12:23:29 IST" duration-ms="13986">
    <groups>
    </groups>
    <test started-at="2023-11-06T12:23:15 IST" name="Chandini" finished-at="2023-11-06T12:23:29 IST" duration-ms="13986">
      <class name="TestCases.TC_001_Login">
        <test-method is-config="true" signature="openApplication()[pri:0, instance:TestCases.TC_001_Login@5f049ea1]" started-at="2023-11-06T12:23:15 IST" name="openApplication" finished-at="2023-11-06T12:23:20 IST" duration-ms="5083" status="PASS">
          <reporter-output>
          </reporter-output>
        </test-method> <!-- openApplication -->
        <test-method signature="logintest()[pri:0, instance:TestCases.TC_001_Login@5f049ea1]" started-at="2023-11-06T12:23:20 IST" name="logintest" finished-at="2023-11-06T12:23:29 IST" duration-ms="8436" status="PASS">
          <reporter-output>
          </reporter-output>
        </test-method> <!-- logintest -->
        <test-method is-config="true" signature="closeApplication()[pri:0, instance:TestCases.TC_001_Login@5f049ea1]" started-at="2023-11-06T12:23:29 IST" name="closeApplication" finished-at="2023-11-06T12:23:29 IST" duration-ms="405" status="PASS">
          <reporter-output>
          </reporter-output>
        </test-method> <!-- closeApplication -->
      </class> <!-- TestCases.TC_001_Login -->
    </test> <!-- Chandini -->
  </suite> <!-- Chandini -->
</testng-results>
